0 info it worked if it ends with ok
1 verbose cli [ 'c:\\Program Files\\nodejs\\node.exe',
1 verbose cli   'c:\\Program Files\\nodejs\\node_modules\\npm\\bin\\npm-cli.js',
1 verbose cli   'publish' ]
2 info using npm@1.3.24
3 info using node@v0.10.25
4 verbose publish [ '.' ]
5 verbose cache add [ '.', null ]
6 verbose cache add name=undefined spec="." args=[".",null]
7 verbose parsed url { protocol: null,
7 verbose parsed url   slashes: null,
7 verbose parsed url   auth: null,
7 verbose parsed url   host: null,
7 verbose parsed url   port: null,
7 verbose parsed url   hostname: null,
7 verbose parsed url   hash: null,
7 verbose parsed url   search: null,
7 verbose parsed url   query: null,
7 verbose parsed url   pathname: '.',
7 verbose parsed url   path: '.',
7 verbose parsed url   href: '.' }
8 silly lockFile 3a52ce78- .
9 verbose lock . C:\Users\llessa\AppData\Roaming\npm-cache\3a52ce78-.lock
10 verbose tar pack [ 'C:\\Users\\llessa\\AppData\\Local\\Temp\\npm-4072-CKhpuX33\\1399490475632-0.8571266627404839\\tmp.tgz',
10 verbose tar pack   '.' ]
11 verbose tarball C:\Users\llessa\AppData\Local\Temp\npm-4072-CKhpuX33\1399490475632-0.8571266627404839\tmp.tgz
12 verbose folder .
13 info prepublish monkey-generator@0.0.1
14 silly lockFile 1f1177db-tar tar://.
15 verbose lock tar://. C:\Users\llessa\AppData\Roaming\npm-cache\1f1177db-tar.lock
16 silly lockFile e77fdb9b-75632-0-8571266627404839-tmp-tgz tar://C:\Users\llessa\AppData\Local\Temp\npm-4072-CKhpuX33\1399490475632-0.8571266627404839\tmp.tgz
17 verbose lock tar://C:\Users\llessa\AppData\Local\Temp\npm-4072-CKhpuX33\1399490475632-0.8571266627404839\tmp.tgz C:\Users\llessa\AppData\Roaming\npm-cache\e77fdb9b-75632-0-8571266627404839-tmp-tgz.lock
18 silly lockFile 1f1177db-tar tar://.
19 silly lockFile 1f1177db-tar tar://.
20 silly lockFile e77fdb9b-75632-0-8571266627404839-tmp-tgz tar://C:\Users\llessa\AppData\Local\Temp\npm-4072-CKhpuX33\1399490475632-0.8571266627404839\tmp.tgz
21 silly lockFile e77fdb9b-75632-0-8571266627404839-tmp-tgz tar://C:\Users\llessa\AppData\Local\Temp\npm-4072-CKhpuX33\1399490475632-0.8571266627404839\tmp.tgz
22 verbose tar unpack C:\Users\llessa\AppData\Local\Temp\npm-4072-CKhpuX33\1399490475632-0.8571266627404839\tmp.tgz
23 silly lockFile cee62aa1-75632-0-8571266627404839-package tar://C:\Users\llessa\AppData\Local\Temp\npm-4072-CKhpuX33\1399490475632-0.8571266627404839\package
24 verbose lock tar://C:\Users\llessa\AppData\Local\Temp\npm-4072-CKhpuX33\1399490475632-0.8571266627404839\package C:\Users\llessa\AppData\Roaming\npm-cache\cee62aa1-75632-0-8571266627404839-package.lock
25 silly lockFile e77fdb9b-75632-0-8571266627404839-tmp-tgz tar://C:\Users\llessa\AppData\Local\Temp\npm-4072-CKhpuX33\1399490475632-0.8571266627404839\tmp.tgz
26 verbose lock tar://C:\Users\llessa\AppData\Local\Temp\npm-4072-CKhpuX33\1399490475632-0.8571266627404839\tmp.tgz C:\Users\llessa\AppData\Roaming\npm-cache\e77fdb9b-75632-0-8571266627404839-tmp-tgz.lock
27 silly gunzTarPerm modes [ '755', '644' ]
28 silly gunzTarPerm extractEntry package.json
29 silly gunzTarPerm modified mode [ 'package.json', 438, 420 ]
30 silly gunzTarPerm extractEntry README.md
31 silly gunzTarPerm modified mode [ 'README.md', 438, 420 ]
32 silly gunzTarPerm extractEntry app/index.js
33 silly gunzTarPerm modified mode [ 'app/index.js', 438, 420 ]
34 silly gunzTarPerm extractEntry app/templates/_Gruntfile.js
35 silly gunzTarPerm modified mode [ 'app/templates/_Gruntfile.js', 438, 420 ]
36 silly gunzTarPerm extractEntry app/templates/sass/style.scss
37 silly gunzTarPerm modified mode [ 'app/templates/sass/style.scss', 438, 420 ]
38 silly gunzTarPerm extractEntry app/templates/sass/_imports.scss
39 silly gunzTarPerm modified mode [ 'app/templates/sass/_imports.scss', 438, 420 ]
40 silly gunzTarPerm extractEntry app/templates/favicon.ico
41 silly gunzTarPerm modified mode [ 'app/templates/favicon.ico', 438, 420 ]
42 silly gunzTarPerm extractEntry app/templates/gitattributes
43 silly gunzTarPerm modified mode [ 'app/templates/gitattributes', 438, 420 ]
44 silly gunzTarPerm extractEntry app/templates/gitignore
45 silly gunzTarPerm modified mode [ 'app/templates/gitignore', 438, 420 ]
46 silly gunzTarPerm extractEntry app/templates/js/scripts.js
47 silly gunzTarPerm modified mode [ 'app/templates/js/scripts.js', 438, 420 ]
48 silly gunzTarPerm extractEntry app/templates/less/imports.less
49 silly gunzTarPerm modified mode [ 'app/templates/less/imports.less', 438, 420 ]
50 silly gunzTarPerm extractEntry app/templates/less/style.less
51 silly gunzTarPerm modified mode [ 'app/templates/less/style.less', 438, 420 ]
52 silly gunzTarPerm extractEntry app/templates/editorconfig
53 silly gunzTarPerm modified mode [ 'app/templates/editorconfig', 438, 420 ]
54 silly gunzTarPerm extractEntry app/templates/stylus/imports.styl
55 silly gunzTarPerm modified mode [ 'app/templates/stylus/imports.styl', 438, 420 ]
56 silly gunzTarPerm extractEntry app/templates/stylus/style.styl
57 silly gunzTarPerm modified mode [ 'app/templates/stylus/style.styl', 438, 420 ]
58 silly gunzTarPerm extractEntry app/templates/_bower.json
59 silly gunzTarPerm modified mode [ 'app/templates/_bower.json', 438, 420 ]
60 silly gunzTarPerm extractEntry app/templates/_config.json
61 silly gunzTarPerm modified mode [ 'app/templates/_config.json', 438, 420 ]
62 silly gunzTarPerm extractEntry app/templates/bowerrc
63 silly gunzTarPerm modified mode [ 'app/templates/bowerrc', 438, 420 ]
64 silly gunzTarPerm extractEntry app/templates/_index.html
65 silly gunzTarPerm modified mode [ 'app/templates/_index.html', 438, 420 ]
66 silly gunzTarPerm extractEntry app/templates/_package.json
67 silly gunzTarPerm modified mode [ 'app/templates/_package.json', 438, 420 ]
68 silly lockFile cee62aa1-75632-0-8571266627404839-package tar://C:\Users\llessa\AppData\Local\Temp\npm-4072-CKhpuX33\1399490475632-0.8571266627404839\package
69 silly lockFile cee62aa1-75632-0-8571266627404839-package tar://C:\Users\llessa\AppData\Local\Temp\npm-4072-CKhpuX33\1399490475632-0.8571266627404839\package
70 silly lockFile e77fdb9b-75632-0-8571266627404839-tmp-tgz tar://C:\Users\llessa\AppData\Local\Temp\npm-4072-CKhpuX33\1399490475632-0.8571266627404839\tmp.tgz
71 silly lockFile e77fdb9b-75632-0-8571266627404839-tmp-tgz tar://C:\Users\llessa\AppData\Local\Temp\npm-4072-CKhpuX33\1399490475632-0.8571266627404839\tmp.tgz
72 verbose tar pack [ 'C:\\Users\\llessa\\AppData\\Roaming\\npm-cache\\monkey-generator\\0.0.1\\package.tgz',
72 verbose tar pack   'C:\\Users\\llessa\\AppData\\Local\\Temp\\npm-4072-CKhpuX33\\1399490475632-0.8571266627404839\\package' ]
73 verbose tarball C:\Users\llessa\AppData\Roaming\npm-cache\monkey-generator\0.0.1\package.tgz
74 verbose folder C:\Users\llessa\AppData\Local\Temp\npm-4072-CKhpuX33\1399490475632-0.8571266627404839\package
75 silly lockFile cee62aa1-75632-0-8571266627404839-package tar://C:\Users\llessa\AppData\Local\Temp\npm-4072-CKhpuX33\1399490475632-0.8571266627404839\package
76 verbose lock tar://C:\Users\llessa\AppData\Local\Temp\npm-4072-CKhpuX33\1399490475632-0.8571266627404839\package C:\Users\llessa\AppData\Roaming\npm-cache\cee62aa1-75632-0-8571266627404839-package.lock
77 silly lockFile 930aee74-nkey-generator-0-0-1-package-tgz tar://C:\Users\llessa\AppData\Roaming\npm-cache\monkey-generator\0.0.1\package.tgz
78 verbose lock tar://C:\Users\llessa\AppData\Roaming\npm-cache\monkey-generator\0.0.1\package.tgz C:\Users\llessa\AppData\Roaming\npm-cache\930aee74-nkey-generator-0-0-1-package-tgz.lock
79 silly lockFile cee62aa1-75632-0-8571266627404839-package tar://C:\Users\llessa\AppData\Local\Temp\npm-4072-CKhpuX33\1399490475632-0.8571266627404839\package
80 silly lockFile cee62aa1-75632-0-8571266627404839-package tar://C:\Users\llessa\AppData\Local\Temp\npm-4072-CKhpuX33\1399490475632-0.8571266627404839\package
81 silly lockFile 930aee74-nkey-generator-0-0-1-package-tgz tar://C:\Users\llessa\AppData\Roaming\npm-cache\monkey-generator\0.0.1\package.tgz
82 silly lockFile 930aee74-nkey-generator-0-0-1-package-tgz tar://C:\Users\llessa\AppData\Roaming\npm-cache\monkey-generator\0.0.1\package.tgz
83 silly lockFile aef17c89-e-monkey-generator-0-0-1-package C:\Users\llessa\AppData\Roaming\npm-cache\monkey-generator\0.0.1\package
84 verbose lock C:\Users\llessa\AppData\Roaming\npm-cache\monkey-generator\0.0.1\package C:\Users\llessa\AppData\Roaming\npm-cache\aef17c89-e-monkey-generator-0-0-1-package.lock
85 silly lockFile aef17c89-e-monkey-generator-0-0-1-package C:\Users\llessa\AppData\Roaming\npm-cache\monkey-generator\0.0.1\package
86 silly lockFile aef17c89-e-monkey-generator-0-0-1-package C:\Users\llessa\AppData\Roaming\npm-cache\monkey-generator\0.0.1\package
87 verbose tar unpack C:\Users\llessa\AppData\Roaming\npm-cache\monkey-generator\0.0.1\package.tgz
88 silly lockFile ff526136-e-monkey-generator-0-0-1-package tar://C:\Users\llessa\AppData\Roaming\npm-cache\monkey-generator\0.0.1\package
89 verbose lock tar://C:\Users\llessa\AppData\Roaming\npm-cache\monkey-generator\0.0.1\package C:\Users\llessa\AppData\Roaming\npm-cache\ff526136-e-monkey-generator-0-0-1-package.lock
90 silly lockFile 930aee74-nkey-generator-0-0-1-package-tgz tar://C:\Users\llessa\AppData\Roaming\npm-cache\monkey-generator\0.0.1\package.tgz
91 verbose lock tar://C:\Users\llessa\AppData\Roaming\npm-cache\monkey-generator\0.0.1\package.tgz C:\Users\llessa\AppData\Roaming\npm-cache\930aee74-nkey-generator-0-0-1-package-tgz.lock
92 silly gunzTarPerm modes [ '755', '644' ]
93 silly gunzTarPerm extractEntry package.json
94 silly gunzTarPerm modified mode [ 'package.json', 438, 420 ]
95 silly gunzTarPerm extractEntry README.md
96 silly gunzTarPerm modified mode [ 'README.md', 438, 420 ]
97 silly gunzTarPerm extractEntry app/index.js
98 silly gunzTarPerm modified mode [ 'app/index.js', 438, 420 ]
99 silly gunzTarPerm extractEntry app/templates/_Gruntfile.js
100 silly gunzTarPerm modified mode [ 'app/templates/_Gruntfile.js', 438, 420 ]
101 silly gunzTarPerm extractEntry app/templates/sass/style.scss
102 silly gunzTarPerm modified mode [ 'app/templates/sass/style.scss', 438, 420 ]
103 silly gunzTarPerm extractEntry app/templates/sass/_imports.scss
104 silly gunzTarPerm modified mode [ 'app/templates/sass/_imports.scss', 438, 420 ]
105 silly gunzTarPerm extractEntry app/templates/favicon.ico
106 silly gunzTarPerm modified mode [ 'app/templates/favicon.ico', 438, 420 ]
107 silly gunzTarPerm extractEntry app/templates/gitattributes
108 silly gunzTarPerm modified mode [ 'app/templates/gitattributes', 438, 420 ]
109 silly gunzTarPerm extractEntry app/templates/gitignore
110 silly gunzTarPerm modified mode [ 'app/templates/gitignore', 438, 420 ]
111 silly gunzTarPerm extractEntry app/templates/js/scripts.js
112 silly gunzTarPerm modified mode [ 'app/templates/js/scripts.js', 438, 420 ]
113 silly gunzTarPerm extractEntry app/templates/less/imports.less
114 silly gunzTarPerm modified mode [ 'app/templates/less/imports.less', 438, 420 ]
115 silly gunzTarPerm extractEntry app/templates/less/style.less
116 silly gunzTarPerm modified mode [ 'app/templates/less/style.less', 438, 420 ]
117 silly gunzTarPerm extractEntry app/templates/editorconfig
118 silly gunzTarPerm modified mode [ 'app/templates/editorconfig', 438, 420 ]
119 silly gunzTarPerm extractEntry app/templates/stylus/imports.styl
120 silly gunzTarPerm modified mode [ 'app/templates/stylus/imports.styl', 438, 420 ]
121 silly gunzTarPerm extractEntry app/templates/stylus/style.styl
122 silly gunzTarPerm modified mode [ 'app/templates/stylus/style.styl', 438, 420 ]
123 silly gunzTarPerm extractEntry app/templates/_bower.json
124 silly gunzTarPerm modified mode [ 'app/templates/_bower.json', 438, 420 ]
125 silly gunzTarPerm extractEntry app/templates/_config.json
126 silly gunzTarPerm modified mode [ 'app/templates/_config.json', 438, 420 ]
127 silly gunzTarPerm extractEntry app/templates/bowerrc
128 silly gunzTarPerm modified mode [ 'app/templates/bowerrc', 438, 420 ]
129 silly gunzTarPerm extractEntry app/templates/_index.html
130 silly gunzTarPerm modified mode [ 'app/templates/_index.html', 438, 420 ]
131 silly gunzTarPerm extractEntry app/templates/_package.json
132 silly gunzTarPerm modified mode [ 'app/templates/_package.json', 438, 420 ]
133 silly lockFile ff526136-e-monkey-generator-0-0-1-package tar://C:\Users\llessa\AppData\Roaming\npm-cache\monkey-generator\0.0.1\package
134 silly lockFile ff526136-e-monkey-generator-0-0-1-package tar://C:\Users\llessa\AppData\Roaming\npm-cache\monkey-generator\0.0.1\package
135 silly lockFile 930aee74-nkey-generator-0-0-1-package-tgz tar://C:\Users\llessa\AppData\Roaming\npm-cache\monkey-generator\0.0.1\package.tgz
136 silly lockFile 930aee74-nkey-generator-0-0-1-package-tgz tar://C:\Users\llessa\AppData\Roaming\npm-cache\monkey-generator\0.0.1\package.tgz
137 verbose chmod C:\Users\llessa\AppData\Roaming\npm-cache\monkey-generator\0.0.1\package.tgz 644
138 silly chown skipping for windows C:\Users\llessa\AppData\Roaming\npm-cache\monkey-generator\0.0.1\package.tgz
139 silly lockFile 3a52ce78- .
140 silly lockFile 3a52ce78- .
141 silly publish { name: 'monkey-generator',
141 silly publish   version: '0.0.1',
141 silly publish   description: 'A nice little monkey that will do your job :)',
141 silly publish   license: 'MIT',
141 silly publish   main: 'app/index.js',
141 silly publish   repository:
141 silly publish    { type: 'git',
141 silly publish      url: 'git://github.com/leonardolessa/generator-monkey' },
141 silly publish   author:
141 silly publish    { name: 'Leonardo Lessa',
141 silly publish      email: 'lrlessa@gmail.com',
141 silly publish      url: 'https://github.com/leonardolessa' },
141 silly publish   engines: { node: '>=0.10.0' },
141 silly publish   scripts: { test: 'mocha' },
141 silly publish   files: [ 'app' ],
141 silly publish   keywords:
141 silly publish    [ 'yeoman-generator',
141 silly publish      'monkey',
141 silly publish      'stylus',
141 silly publish      'gulp',
141 silly publish      'compass',
141 silly publish      'frontend' ],
141 silly publish   dependencies: { 'yeoman-generator': '~0.16.0', chalk: '~0.4.0' },
141 silly publish   devDependencies: { mocha: '*' },
141 silly publish   peerDependencies: { yo: '>=1.0.0' },
141 silly publish   readme: '# generator-monkey [![Build Status](https://secure.travis-ci.org/leonardolessa/generator-monkey.png?branch=master)](https://travis-ci.org/leonardolessa/generator-monkey)\n\n> [Yeoman](http://yeoman.io) generator\n\n\n## Getting Started\n\n### What is Yeoman?\n\nTrick question. It\'s not a thing. It\'s this guy:\n\n![](http://i.imgur.com/JHaAlBJ.png)\n\nBasically, he wears a top hat, lives in your computer, and waits for you to tell him what kind of application you wish to create.\n\nNot every new computer comes with a Yeoman pre-installed. He lives in the [npm](https://npmjs.org) package repository. You only have to ask for him once, then he packs up and moves into your hard drive. *Make sure you clean up, he likes new and shiny things.*\n\n```\n$ npm install -g yo\n```\n\n### Yeoman Generators\n\nYeoman travels light. He didn\'t pack any generators when he moved in. You can think of a generator like a plug-in. You get to choose what type of application you wish to create, such as a Backbone application or even a Chrome extension.\n\nTo install generator-monkey from npm, run:\n\n```\n$ npm install -g generator-monkey\n```\n\nFinally, initiate the generator:\n\n```\n$ yo monkey\n```\n\n### Getting To Know Yeoman\n\nYeoman has a heart of gold. He\'s a person with feelings and opinions, but he\'s very easy to work with. If you think he\'s too opinionated, he can be easily convinced.\n\nIf you\'d like to get to know Yeoman better and meet some of his friends, [Grunt](http://gruntjs.com) and [Bower](http://bower.io), check out the complete [Getting Started Guide](https://github.com/yeoman/yeoman/wiki/Getting-Started).\n\n\n## License\n\nMIT\n',
141 silly publish   readmeFilename: 'README.md',
141 silly publish   bugs: { url: 'https://github.com/leonardolessa/generator-monkey/issues' },
141 silly publish   homepage: 'https://github.com/leonardolessa/generator-monkey',
141 silly publish   _id: 'monkey-generator@0.0.1',
141 silly publish   dist: { shasum: 'e3b0a47d715236a9dcfa322124322d847ce20d49' },
141 silly publish   _from: '.' }
142 verbose url raw monkey-generator
143 verbose url resolving [ 'https://registry.npmjs.org/', './monkey-generator' ]
144 verbose url resolved https://registry.npmjs.org/monkey-generator
145 info trying registry request attempt 1 at 16:21:15
146 http PUT https://registry.npmjs.org/monkey-generator
147 http 403 https://registry.npmjs.org/monkey-generator
148 info trying registry request attempt 1 at 16:21:18
149 http PUT https://registry.npmjs.org/monkey-generator
150 http 403 https://registry.npmjs.org/monkey-generator
151 error publish Failed PUT 403
152 error Error: forbidden user: llessa not authorized to modify monkey-generator
152 error Changed: dist-tags.latest "0.0.0" -> "0.0.1"
152 error Added: versions.0.0.1
152 error Changed: readme "ERROR: No README data found!" -> "# generator-monkey [![Build Status](https://secure.travis-ci.org/leonardolessa/generator-monkey.png?branch=master)](https://travis-ci.org/leonardolessa/generator-monkey)\u000a\u000a> [Yeoman](http://yeoman.io) generator\u000a\u000a\u000a## Getting Started\u000a\u000a### What is Yeoman?\u000a\u000aTrick question. It's not a thing. It's this guy:\u000a\u000a![](http://i.imgur.com/JHaAlBJ.png)\u000a\u000aBasically, he wears a top hat, lives in your computer, and waits for you to tell him what kind of application you wish to create.\u000a\u000aNot every new computer comes with a Yeoman pre-installed. He lives in the [npm](https://npmjs.org) package repository. You only have to ask for him once, then he packs up and moves into your hard drive. *Make sure you clean up, he likes new and shiny things.*\u000a\u000a```\u000a$ npm install -g yo\u000a```\u000a\u000a### Yeoman Generators\u000a\u000aYeoman travels light. He didn't pack any generators when he moved in. You can think of a generator like a plug-in. You get to choose what type of application you wish to create, such as a Backbone application or even a Chrome extension.\u000a\u000aTo install generator-monkey from npm, run:\u000a\u000a```\u000a$ npm install -g generator-monkey\u000a```\u000a\u000aFinally, initiate the generator:\u000a\u000a```\u000a$ yo monkey\u000a```\u000a\u000a### Getting To Know Yeoman\u000a\u000aYeoman has a heart of gold. He's a person with feelings and opinions, but he's very easy to work with. If you think he's too opinionated, he can be easily convinced.\u000a\u000aIf you'd like to get to know Yeoman better and meet some of his friends, [Grunt](http://gruntjs.com) and [Bower](http://bower.io), check out the complete [Getting Started Guide](https://github.com/yeoman/yeoman/wiki/Getting-Started).\u000a\u000a\u000a## License\u000a\u000aMIT\u000a"
152 error Changed: time.modified "2014-02-19T01:34:33.295Z" -> "2014-05-07T19:20:38.296Z"
152 error Added: time.0.0.1
152 error Changed: author.url "https://github.com/joaoafrmartins" -> "https://github.com/leonardolessa"
152 error Added: author.name
152 error Added: author.email
152 error Changed: repository.url "git://github.com/joaoafrmartins/monkey-generator.git" -> "git://github.com/leonardolessa/generator-monkey"
152 error Changed: readmeFilename "" -> "README.md"
152 error Changed: homepage "https://github.com/joaoafrmartins/monkey-generator" -> "https://github.com/leonardolessa/generator-monkey"
152 error Changed: bugs.url "https://github.com/joaoafrmartins/monkey-generator/issues" -> "https://github.com/leonardolessa/generator-monkey/issues"
152 error Added: description
152 error Added: keywords
152 error Added: license
152 error Added: _attachments: monkey-generator
152 error     at RegClient.<anonymous> (c:\Program Files\nodejs\node_modules\npm\node_modules\npm-registry-client\lib\request.js:275:14)
152 error     at Request.self.callback (c:\Program Files\nodejs\node_modules\npm\node_modules\request\request.js:123:22)
152 error     at Request.EventEmitter.emit (events.js:98:17)
152 error     at Request.<anonymous> (c:\Program Files\nodejs\node_modules\npm\node_modules\request\request.js:893:14)
152 error     at Request.EventEmitter.emit (events.js:117:20)
152 error     at IncomingMessage.<anonymous> (c:\Program Files\nodejs\node_modules\npm\node_modules\request\request.js:844:12)
152 error     at IncomingMessage.EventEmitter.emit (events.js:117:20)
152 error     at _stream_readable.js:920:16
152 error     at process._tickCallback (node.js:415:13)
153 error If you need help, you may report this *entire* log,
153 error including the npm and node versions, at:
153 error     <http://github.com/isaacs/npm/issues>
154 error System Windows_NT 6.1.7601
155 error command "c:\\Program Files\\nodejs\\node.exe" "c:\\Program Files\\nodejs\\node_modules\\npm\\bin\\npm-cli.js" "publish"
156 error cwd d:\workspace\generator-monkey
157 error node -v v0.10.25
158 error npm -v 1.3.24
159 verbose exit [ 1, true ]
